<?xml version="1.0" encoding="UTF-8"?>
<!-- Generated by org.testng.reporters.JUnitXMLReporter -->
<testsuite ignored="5" hostname="DESKTOP-O3FL1N5" failures="0" tests="5" name="Test" time="0.114" errors="0" timestamp="2021-08-28T07:37:34 IST">
  <testcase classname="test.Test1" name="test3" time="0.01"/>
  <testcase classname="test.Test2" name="test5" time="0.003"/>
  <testcase classname="test.Test2" name="test6" time="0.004"/>
  <testcase classname="test.Test2" name="test7" time="0.004"/>
  <testcase classname="test.Test2" name="test8" time="0.001"/>
  <testcase classname="base.BaseClass" name="@AfterSuite suiteend" time="0.0">
    <ignored/>
  </testcase> <!-- @AfterSuite suiteend -->
  <testcase classname="test.Test1" name="test1" time="0.0">
    <ignored/>
  </testcase> <!-- test1 -->
  <testcase classname="test.Test1" name="test4" time="0.0">
    <ignored/>
  </testcase> <!-- test4 -->
  <testcase classname="base.BaseClass" name="@BeforeSuite suitestart" time="0.0">
    <ignored/>
  </testcase> <!-- @BeforeSuite suitestart -->
  <testcase classname="test.Test1" name="test2" time="0.0">
    <ignored/>
  </testcase> <!-- test2 -->
</testsuite> <!-- Test -->
